<?xml version="1.0" encoding="UTF-8"?>
<testsuite name="br.com.codenation.StatisticUtilTest" tests="1" skipped="0" failures="0" errors="0" timestamp="2020-04-29T02:52:56" hostname="CM145" time="0.003">
  <properties/>
  <testcase name="testMode2" classname="br.com.codenation.StatisticUtilTest" time="0.003"/>
  <system-out><![CDATA[]]></system-out>
  <system-err><![CDATA[]]></system-err>
</testsuite>
