<?xml version="1.0" encoding="UTF-8"?>
<testsuite name="br.com.codenation.BillingProcessorTest" tests="4" skipped="0" failures="0" errors="0" timestamp="2020-06-02T17:50:15" hostname="CM145" time="0.01">
  <properties/>
  <testcase name="testCashPayment" classname="br.com.codenation.BillingProcessorTest" time="0.009"/>
  <testcase name="testTransferPayment" classname="br.com.codenation.BillingProcessorTest" time="0.0"/>
  <testcase name="testDebitCardPayment" classname="br.com.codenation.BillingProcessorTest" time="0.0"/>
  <testcase name="testCreditCardPayment" classname="br.com.codenation.BillingProcessorTest" time="0.0"/>
  <system-out><![CDATA[]]></system-out>
  <system-err><![CDATA[]]></system-err>
</testsuite>
